<?xml version="1.0" encoding="UTF-8"?>
<testng-results ignored="0" total="2" passed="2" failed="0" skipped="0">
  <reporter-output>
  </reporter-output>
  <suite started-at="2022-11-23T09:02:17 IST" name="Suite" finished-at="2022-11-23T09:02:17 IST" duration-ms="44">
    <groups>
    </groups>
    <test started-at="2022-11-23T09:02:17 IST" name="Test" finished-at="2022-11-23T09:02:17 IST" duration-ms="44">
      <class name="com.Testcases.SecondTestcase">
        <test-method signature="testcasesecond()[pri:0, instance:com.Testcases.SecondTestcase@2e222612]" started-at="2022-11-23T09:02:17 IST" name="testcasesecond" finished-at="2022-11-23T09:02:17 IST" duration-ms="1" status="PASS">
          <reporter-output>
          </reporter-output>
        </test-method> <!-- testcasesecond -->
      </class> <!-- com.Testcases.SecondTestcase -->
      <class name="com.Testcases.FirstTestCase">
        <test-method signature="TestCase()[pri:0, instance:com.Testcases.FirstTestCase@5939a379]" started-at="2022-11-23T09:02:17 IST" name="TestCase" finished-at="2022-11-23T09:02:17 IST" duration-ms="8" status="PASS">
          <reporter-output>
          </reporter-output>
        </test-method> <!-- TestCase -->
      </class> <!-- com.Testcases.FirstTestCase -->
    </test> <!-- Test -->
  </suite> <!-- Suite -->
</testng-results>
